Performing C SOURCE FILE Test COMPILER_HAS_THOSE_TOGGLES failed with the following output:
Change Dir: E:/Soft/Linux/Kubuntu home dir/Projects/C++/Isolation/project/out/build/x64-Debug/CMakeFiles/CMakeTmp

Run Build Command(s):C:/Program Files/Microsoft Visual Studio/2022/Community/Common7/IDE/CommonExtensions/Microsoft/CMake/Ninja/ninja.exe cmTC_0ddd5 && [1/2] Building C object CMakeFiles\cmTC_0ddd5.dir\src.c.obj
FAILED: CMakeFiles/cmTC_0ddd5.dir/src.c.obj 
C:\PROGRA~1\MICROS~4\2022\COMMUN~1\VC\Tools\MSVC\1430~1.307\bin\Hostx64\x64\cl.exe  /nologo -DCOMPILER_HAS_THOSE_TOGGLES  /DWIN32 /D_WINDOWS /W3  /MDd /Zi /Ob0 /Od /RTC1   -Werror=pointer-arith /showIncludes /FoCMakeFiles\cmTC_0ddd5.dir\src.c.obj /FdCMakeFiles\cmTC_0ddd5.dir\ /FS -c "E:\Soft\Linux\Kubuntu home dir\Projects\C++\Isolation\project\out\build\x64-Debug\CMakeFiles\CMakeTmp\src.c"
cl : Command line error D8021 : invalid numeric argument '/Werror=pointer-arith'
ninja: build stopped: subcommand failed.


Source file was:
int main(void) { return 0; }
Determining if the include file pthread.h exists failed with the following output:
Change Dir: E:/Soft/Linux/Kubuntu home dir/Projects/C++/Isolation/project/out/build/x64-Debug/CMakeFiles/CMakeTmp

Run Build Command(s):C:/Program Files/Microsoft Visual Studio/2022/Community/Common7/IDE/CommonExtensions/Microsoft/CMake/Ninja/ninja.exe cmTC_88429 && [1/2] Building C object CMakeFiles\cmTC_88429.dir\CheckIncludeFile.c.obj
FAILED: CMakeFiles/cmTC_88429.dir/CheckIncludeFile.c.obj 
C:\PROGRA~1\MICROS~4\2022\COMMUN~1\VC\Tools\MSVC\1430~1.307\bin\Hostx64\x64\cl.exe  /nologo   /DWIN32 /D_WINDOWS /W3  /MDd /Zi /Ob0 /Od /RTC1 /showIncludes /FoCMakeFiles\cmTC_88429.dir\CheckIncludeFile.c.obj /FdCMakeFiles\cmTC_88429.dir\ /FS -c "E:\Soft\Linux\Kubuntu home dir\Projects\C++\Isolation\project\out\build\x64-Debug\CMakeFiles\CMakeTmp\CheckIncludeFile.c"
E:\Soft\Linux\Kubuntu home dir\Projects\C++\Isolation\project\out\build\x64-Debug\CMakeFiles\CMakeTmp\CheckIncludeFile.c(1): fatal error C1083: Cannot open include file: 'pthread.h': No such file or directory
ninja: build stopped: subcommand failed.



